<?xml version="1.0" encoding="UTF-8"?>
<Site BuildName="Linux-g++"
	BuildStamp="20251021-2106-Experimental"
	Name="BOOK-OEE4F6N9BP"
	Generator="ctest-4.1.2"
	CompilerName="/usr/sbin/g++"
	CompilerVersion="15.2.1"
	OSName="Linux"
	Hostname="BOOK-OEE4F6N9BP"
	OSRelease="6.6.87.2-microsoft-standard-WSL2"
	OSVersion="#1 SMP PREEMPT_DYNAMIC Thu Jun  5 18:30:46 UTC 2025"
	OSPlatform="x86_64"
	Is64Bits="1"
	VendorString="GenuineIntel"
	VendorID="Intel Corporation"
	FamilyID="6"
	ModelID="170"
	ModelName="Intel(R) Core(TM) Ultra 7 155H"
	ProcessorCacheSize="24576"
	NumberOfLogicalCPU="22"
	NumberOfPhysicalCPU="11"
	TotalVirtualMemory="2048"
	TotalPhysicalMemory="7730"
	LogicalProcessorsPerPhysical="2"
	ProcessorClockFrequency="2995.2"
	>
	<Testing>
		<StartDateTime>Oct 21 23:06 CEST</StartDateTime>
		<StartTestTime>1761080814</StartTestTime>
		<TestList/>
		<EndDateTime>Oct 21 23:06 CEST</EndDateTime>
		<EndTestTime>1761080814</EndTestTime>
		<ElapsedMinutes>0</ElapsedMinutes>
	</Testing>
</Site>
